app/build/intermediates/manifest_merge_blame_file/debug/processDebugMainManifest/manifest-merger-blame-debug-report.txt
1<?xml version="1.0" encoding="utf-8"?>
2<manifest xmlns:android="http://schemas.android.com/apk/res/android"
3    package="com.mktech.contactsapp"
4    android:versionCode="4"
5    android:versionName="1.3" >
6
7    <uses-sdk
8        android:minSdkVersion="26"
9        android:targetSdkVersion="35" />
10
11    <uses-feature
11-->src\main\AndroidManifest.xml:5:5-7:36
12        android:name="android.hardware.telephony"
12-->src\main\AndroidManifest.xml:6:9-50
13        android:required="false" />
13-->src\main\AndroidManifest.xml:7:9-33
14
15    <uses-permission android:name="android.permission.POST_NOTIFICATIONS" />
15-->src\main\AndroidManifest.xml:9:5-77
15-->src\main\AndroidManifest.xml:9:22-74
16    <uses-permission android:name="android.permission.FOREGROUND_SERVICE" />
16-->src\main\AndroidManifest.xml:10:5-77
16-->src\main\AndroidManifest.xml:10:22-74
17    <uses-permission android:name="android.permission.READ_CONTACTS" />
17-->src\main\AndroidManifest.xml:11:5-72
17-->src\main\AndroidManifest.xml:11:22-69
18    <uses-permission android:name="android.permission.WRITE_CONTACTS" />
18-->src\main\AndroidManifest.xml:12:5-73
18-->src\main\AndroidManifest.xml:12:22-70
19    <uses-permission android:name="android.permission.WRITE_CALL_LOG" />
19-->src\main\AndroidManifest.xml:13:5-73
19-->src\main\AndroidManifest.xml:13:22-70
20    <uses-permission android:name="android.permission.CALL_PHONE" />
20-->src\main\AndroidManifest.xml:14:5-69
20-->src\main\AndroidManifest.xml:14:22-66
21    <uses-permission android:name="android.permission.READ_PHONE_STATE" />
21-->src\main\AndroidManifest.xml:15:5-75
21-->src\main\AndroidManifest.xml:15:22-72
22    <uses-permission android:name="android.permission.MANAGE_OWN_CALLS" />
22-->src\main\AndroidManifest.xml:16:5-75
22-->src\main\AndroidManifest.xml:16:22-72
23    <uses-permission android:name="android.permission.READ_CALL_LOG" /> <!-- <uses-permission android:name="android.permission.READ_EXTERNAL_STORAGE" -->
23-->src\main\AndroidManifest.xml:17:5-72
23-->src\main\AndroidManifest.xml:17:22-69
24    <!-- android:maxSdkVersion="32" /> -->
25    <uses-permission android:name="android.permission.READ_MEDIA_IMAGES" />
25-->src\main\AndroidManifest.xml:19:5-76
25-->src\main\AndroidManifest.xml:19:22-73
26    <uses-permission android:name="android.permission.USE_FULL_SCREEN_INTENT" />
26-->src\main\AndroidManifest.xml:20:5-81
26-->src\main\AndroidManifest.xml:20:22-78
27    <uses-permission android:name="android.permission.WAKE_LOCK" />
27-->src\main\AndroidManifest.xml:21:5-68
27-->src\main\AndroidManifest.xml:21:22-65
28    <uses-permission android:name="android.permission.ACCESS_NETWORK_STATE" />
28-->[com.google.firebase:firebase-config:23.0.1] AndroidManifest.xml:22:5-79
28-->[com.google.firebase:firebase-config:23.0.1] AndroidManifest.xml:22:22-76
29    <uses-permission android:name="android.permission.INTERNET" />
29-->[com.google.firebase:firebase-config:23.0.1] AndroidManifest.xml:23:5-67
29-->[com.google.firebase:firebase-config:23.0.1] AndroidManifest.xml:23:22-64
30    <uses-permission android:name="com.google.android.gms.permission.AD_ID" />
30-->[com.google.android.gms:play-services-measurement-api:22.1.2] AndroidManifest.xml:25:5-79
30-->[com.google.android.gms:play-services-measurement-api:22.1.2] AndroidManifest.xml:25:22-76
31    <uses-permission android:name="android.permission.ACCESS_ADSERVICES_ATTRIBUTION" />
31-->[com.google.android.gms:play-services-measurement-api:22.1.2] AndroidManifest.xml:26:5-88
31-->[com.google.android.gms:play-services-measurement-api:22.1.2] AndroidManifest.xml:26:22-85
32    <uses-permission android:name="android.permission.ACCESS_ADSERVICES_AD_ID" />
32-->[com.google.android.gms:play-services-measurement-api:22.1.2] AndroidManifest.xml:27:5-82
32-->[com.google.android.gms:play-services-measurement-api:22.1.2] AndroidManifest.xml:27:22-79
33    <uses-permission android:name="android.permission.ACCESS_ADSERVICES_TOPICS" /> <!-- Android package visibility setting -->
33-->[com.google.android.gms:play-services-ads-lite:23.0.0] AndroidManifest.xml:29:5-83
33-->[com.google.android.gms:play-services-ads-lite:23.0.0] AndroidManifest.xml:29:22-80
34    <queries>
34-->[com.google.android.gms:play-services-ads-lite:23.0.0] AndroidManifest.xml:35:5-51:15
35
36        <!-- For browser content -->
37        <intent>
37-->[com.google.android.gms:play-services-ads-lite:23.0.0] AndroidManifest.xml:38:9-44:18
38            <action android:name="android.intent.action.VIEW" />
38-->src\main\AndroidManifest.xml:138:17-69
38-->src\main\AndroidManifest.xml:138:25-66
39
40            <category android:name="android.intent.category.BROWSABLE" />
40-->src\main\AndroidManifest.xml:105:17-78
40-->src\main\AndroidManifest.xml:105:27-75
41
42            <data android:scheme="https" />
42-->src\main\AndroidManifest.xml:108:17-46
42-->src\main\AndroidManifest.xml:108:23-43
43        </intent>
44        <!-- End of browser content -->
45        <!-- For CustomTabsService -->
46        <intent>
46-->[com.google.android.gms:play-services-ads-lite:23.0.0] AndroidManifest.xml:47:9-49:18
47            <action android:name="android.support.customtabs.action.CustomTabsService" />
47-->[com.google.android.gms:play-services-ads-lite:23.0.0] AndroidManifest.xml:48:13-90
47-->[com.google.android.gms:play-services-ads-lite:23.0.0] AndroidManifest.xml:48:21-87
48        </intent>
49        <!-- End of CustomTabsService -->
50    </queries>
51
52    <uses-permission android:name="com.google.android.finsky.permission.BIND_GET_INSTALL_REFERRER_SERVICE" />
52-->[com.google.android.gms:play-services-measurement:22.1.2] AndroidManifest.xml:26:5-110
52-->[com.google.android.gms:play-services-measurement:22.1.2] AndroidManifest.xml:26:22-107
53
54    <permission
54-->[androidx.core:core:1.13.1] AndroidManifest.xml:22:5-24:47
55        android:name="com.mktech.contactsapp.DYNAMIC_RECEIVER_NOT_EXPORTED_PERMISSION"
55-->[androidx.core:core:1.13.1] AndroidManifest.xml:23:9-81
56        android:protectionLevel="signature" />
56-->[androidx.core:core:1.13.1] AndroidManifest.xml:24:9-44
57
58    <uses-permission android:name="com.mktech.contactsapp.DYNAMIC_RECEIVER_NOT_EXPORTED_PERMISSION" />
58-->[androidx.core:core:1.13.1] AndroidManifest.xml:26:5-97
58-->[androidx.core:core:1.13.1] AndroidManifest.xml:26:22-94
59
60    <application
60-->src\main\AndroidManifest.xml:23:5-155:19
61        android:name="com.mktech.contactsapp.ContactsApplication"
61-->src\main\AndroidManifest.xml:24:9-44
62        android:allowBackup="true"
62-->src\main\AndroidManifest.xml:25:9-35
63        android:appComponentFactory="androidx.core.app.CoreComponentFactory"
63-->[androidx.core:core:1.13.1] AndroidManifest.xml:28:18-86
64        android:dataExtractionRules="@xml/data_extraction_rules"
64-->src\main\AndroidManifest.xml:26:9-65
65        android:debuggable="true"
66        android:extractNativeLibs="false"
67        android:fullBackupContent="@xml/backup_rules"
67-->src\main\AndroidManifest.xml:27:9-54
68        android:icon="@mipmap/ic_launcher"
68-->src\main\AndroidManifest.xml:28:9-43
69        android:label="@string/app_name"
69-->src\main\AndroidManifest.xml:29:9-41
70        android:localeConfig="@xml/locales_config"
70-->src\main\AndroidManifest.xml:35:9-51
71        android:roundIcon="@mipmap/ic_launcher_round"
71-->src\main\AndroidManifest.xml:30:9-54
72        android:supportsRtl="true"
72-->src\main\AndroidManifest.xml:31:9-35
73        android:theme="@style/Theme.ContactsApp" >
73-->src\main\AndroidManifest.xml:32:9-49
74        <activity
74-->src\main\AndroidManifest.xml:38:9-41:57
75            android:name="com.mktech.contactsapp.ui.onboarding.OnboardingActivity"
75-->src\main\AndroidManifest.xml:39:13-61
76            android:exported="false"
76-->src\main\AndroidManifest.xml:40:13-37
77            android:windowSoftInputMode="adjustResize" />
77-->src\main\AndroidManifest.xml:41:13-55
78        <!-- //AdMob -->
79        <meta-data
79-->src\main\AndroidManifest.xml:43:9-45:70
80            android:name="com.google.android.gms.ads.APPLICATION_ID"
80-->src\main\AndroidManifest.xml:44:13-69
81            android:value="ca-app-pub-3940256099942544~3347511713" /> <!-- Fix manifest merger conflict between Firebase Analytics and AdMob -->
81-->src\main\AndroidManifest.xml:45:13-67
82        <property
82-->src\main\AndroidManifest.xml:46:9-49:48
83            android:name="android.adservices.AD_SERVICES_CONFIG"
83-->src\main\AndroidManifest.xml:47:13-65
84            android:resource="@xml/gma_ad_services_config" />
84-->src\main\AndroidManifest.xml:48:13-59
85
86        <activity
86-->src\main\AndroidManifest.xml:51:9-58:43
87            android:name="com.mktech.contactsapp.IncomingCallActivity"
87-->src\main\AndroidManifest.xml:52:13-49
88            android:excludeFromRecents="true"
88-->src\main\AndroidManifest.xml:53:13-46
89            android:exported="true"
89-->src\main\AndroidManifest.xml:54:13-36
90            android:launchMode="singleInstance"
90-->src\main\AndroidManifest.xml:55:13-48
91            android:showOnLockScreen="true"
91-->src\main\AndroidManifest.xml:56:13-44
92            android:theme="@style/Theme.ContactsApp"
92-->src\main\AndroidManifest.xml:57:13-53
93            android:turnScreenOn="true" />
93-->src\main\AndroidManifest.xml:58:13-40
94
95        <receiver
95-->src\main\AndroidManifest.xml:60:9-62:40
96            android:name="com.mktech.contactsapp.CallActionReceiver"
96-->src\main\AndroidManifest.xml:61:13-47
97            android:exported="false" />
97-->src\main\AndroidManifest.xml:62:13-37
98
99        <service
99-->src\main\AndroidManifest.xml:64:9-75:19
100            android:name="com.mktech.contactsapp.CallService"
100-->src\main\AndroidManifest.xml:65:13-40
101            android:exported="true"
101-->src\main\AndroidManifest.xml:66:13-36
102            android:permission="android.permission.BIND_INCALL_SERVICE" >
102-->src\main\AndroidManifest.xml:67:13-72
103            <intent-filter>
103-->src\main\AndroidManifest.xml:68:13-70:29
104                <action android:name="android.telecom.InCallService" />
104-->src\main\AndroidManifest.xml:69:17-72
104-->src\main\AndroidManifest.xml:69:25-69
105            </intent-filter>
106
107            <meta-data
107-->src\main\AndroidManifest.xml:72:13-74:40
108                android:name="android.telecom.IN_CALL_SERVICE_UI"
108-->src\main\AndroidManifest.xml:73:17-66
109                android:value="true" />
109-->src\main\AndroidManifest.xml:74:17-37
110        </service>
111        <service
111-->src\main\AndroidManifest.xml:76:9-83:19
112            android:name="com.mktech.contactsapp.CallConnectionService"
112-->src\main\AndroidManifest.xml:77:13-50
113            android:exported="true"
113-->src\main\AndroidManifest.xml:78:13-36
114            android:permission="android.permission.BIND_TELECOM_CONNECTION_SERVICE" >
114-->src\main\AndroidManifest.xml:79:13-84
115            <intent-filter>
115-->src\main\AndroidManifest.xml:80:13-82:29
116                <action android:name="android.telecom.ConnectionService" />
116-->src\main\AndroidManifest.xml:81:17-76
116-->src\main\AndroidManifest.xml:81:25-73
117            </intent-filter>
118        </service>
119
120        <activity
120-->src\main\AndroidManifest.xml:85:9-154:20
121            android:name="com.mktech.contactsapp.MainActivity"
121-->src\main\AndroidManifest.xml:86:13-41
122            android:configChanges="locale|layoutDirection|fontScale|screenSize|uiMode"
122-->src\main\AndroidManifest.xml:87:13-87
123            android:exported="true"
123-->src\main\AndroidManifest.xml:88:13-36
124            android:launchMode="singleTask"
124-->src\main\AndroidManifest.xml:89:13-44
125            android:theme="@style/Theme.ContactsApp"
125-->src\main\AndroidManifest.xml:90:13-53
126            android:windowSoftInputMode="adjustResize" >
126-->src\main\AndroidManifest.xml:91:13-55
127
128            <!-- Launcher -->
129            <intent-filter>
129-->src\main\AndroidManifest.xml:94:13-98:29
130                <action android:name="android.intent.action.MAIN" />
130-->src\main\AndroidManifest.xml:95:17-69
130-->src\main\AndroidManifest.xml:95:25-66
131
132                <category android:name="android.intent.category.LAUNCHER" />
132-->src\main\AndroidManifest.xml:97:17-77
132-->src\main\AndroidManifest.xml:97:27-74
133            </intent-filter>
134
135            <!-- Dial number — PRIMARY filter, needs APP_DIALER category -->
136            <intent-filter>
136-->src\main\AndroidManifest.xml:101:13-109:29
137                <action android:name="android.intent.action.DIAL" />
137-->src\main\AndroidManifest.xml:102:17-69
137-->src\main\AndroidManifest.xml:102:25-66
138
139                <category android:name="android.intent.category.DEFAULT" />
139-->src\main\AndroidManifest.xml:104:17-76
139-->src\main\AndroidManifest.xml:104:27-73
140                <category android:name="android.intent.category.BROWSABLE" />
140-->src\main\AndroidManifest.xml:105:17-78
140-->src\main\AndroidManifest.xml:105:27-75
141                <category android:name="android.intent.category.APP_DIALER" />
141-->src\main\AndroidManifest.xml:106:17-79
141-->src\main\AndroidManifest.xml:106:27-76
142
143                <data android:scheme="tel" />
143-->src\main\AndroidManifest.xml:108:17-46
143-->src\main\AndroidManifest.xml:108:23-43
144            </intent-filter>
145
146            <!-- Dial with no data (open dialer directly) -->
147            <intent-filter>
147-->src\main\AndroidManifest.xml:112:13-116:29
148                <action android:name="android.intent.action.DIAL" />
148-->src\main\AndroidManifest.xml:102:17-69
148-->src\main\AndroidManifest.xml:102:25-66
149
150                <category android:name="android.intent.category.DEFAULT" />
150-->src\main\AndroidManifest.xml:104:17-76
150-->src\main\AndroidManifest.xml:104:27-73
151            </intent-filter>
152
153            <!-- Voicemail — required for ROLE_DIALER eligibility -->
154            <intent-filter>
154-->src\main\AndroidManifest.xml:119:13-125:29
155                <action android:name="android.intent.action.DIAL" />
155-->src\main\AndroidManifest.xml:102:17-69
155-->src\main\AndroidManifest.xml:102:25-66
156
157                <category android:name="android.intent.category.DEFAULT" />
157-->src\main\AndroidManifest.xml:104:17-76
157-->src\main\AndroidManifest.xml:104:27-73
158
159                <data android:scheme="voicemail" />
159-->src\main\AndroidManifest.xml:108:17-46
159-->src\main\AndroidManifest.xml:108:23-43
160            </intent-filter>
161
162            <!-- Place call -->
163            <intent-filter>
163-->src\main\AndroidManifest.xml:128:13-134:29
164                <action android:name="android.intent.action.CALL" />
164-->src\main\AndroidManifest.xml:129:17-69
164-->src\main\AndroidManifest.xml:129:25-66
165
166                <category android:name="android.intent.category.DEFAULT" />
166-->src\main\AndroidManifest.xml:104:17-76
166-->src\main\AndroidManifest.xml:104:27-73
167
168                <data android:scheme="tel" />
168-->src\main\AndroidManifest.xml:108:17-46
168-->src\main\AndroidManifest.xml:108:23-43
169            </intent-filter>
170
171            <!-- View contacts -->
172            <intent-filter>
172-->src\main\AndroidManifest.xml:137:13-143:29
173                <action android:name="android.intent.action.VIEW" />
173-->src\main\AndroidManifest.xml:138:17-69
173-->src\main\AndroidManifest.xml:138:25-66
174
175                <category android:name="android.intent.category.DEFAULT" />
175-->src\main\AndroidManifest.xml:104:17-76
175-->src\main\AndroidManifest.xml:104:27-73
176
177                <data android:mimeType="vnd.android.cursor.dir/contact" />
177-->src\main\AndroidManifest.xml:108:17-46
177-->src\main\AndroidManifest.xml:142:23-72
178            </intent-filter>
179
180            <!-- Pick contact -->
181            <intent-filter>
181-->src\main\AndroidManifest.xml:146:13-153:29
182                <action android:name="android.intent.action.PICK" />
182-->src\main\AndroidManifest.xml:147:17-69
182-->src\main\AndroidManifest.xml:147:25-66
183
184                <category android:name="android.intent.category.DEFAULT" />
184-->src\main\AndroidManifest.xml:104:17-76
184-->src\main\AndroidManifest.xml:104:27-73
185
186                <data android:mimeType="vnd.android.cursor.dir/contact" />
186-->src\main\AndroidManifest.xml:108:17-46
186-->src\main\AndroidManifest.xml:142:23-72
187                <data android:mimeType="vnd.android.cursor.dir/phone_v2" />
187-->src\main\AndroidManifest.xml:108:17-46
187-->src\main\AndroidManifest.xml:142:23-72
188            </intent-filter>
189        </activity>
190
191        <service
191-->[com.google.firebase:firebase-config:23.0.1] AndroidManifest.xml:26:9-35:19
192            android:name="com.google.firebase.components.ComponentDiscoveryService"
192-->[com.google.firebase:firebase-config:23.0.1] AndroidManifest.xml:27:13-84
193            android:directBootAware="true"
193-->[com.google.firebase:firebase-common:22.0.1] AndroidManifest.xml:32:13-43
194            android:exported="false" >
194-->[com.google.firebase:firebase-config:23.0.1] AndroidManifest.xml:28:13-37
195            <meta-data
195-->[com.google.firebase:firebase-config:23.0.1] AndroidManifest.xml:29:13-31:85
196                android:name="com.google.firebase.components:com.google.firebase.remoteconfig.FirebaseRemoteConfigKtxRegistrar"
196-->[com.google.firebase:firebase-config:23.0.1] AndroidManifest.xml:30:17-128
197                android:value="com.google.firebase.components.ComponentRegistrar" />
197-->[com.google.firebase:firebase-config:23.0.1] AndroidManifest.xml:31:17-82
198            <meta-data
198-->[com.google.firebase:firebase-config:23.0.1] AndroidManifest.xml:32:13-34:85
199                android:name="com.google.firebase.components:com.google.firebase.remoteconfig.RemoteConfigRegistrar"
199-->[com.google.firebase:firebase-config:23.0.1] AndroidManifest.xml:33:17-117
200                android:value="com.google.firebase.components.ComponentRegistrar" />
200-->[com.google.firebase:firebase-config:23.0.1] AndroidManifest.xml:34:17-82
201            <meta-data
201-->[com.google.firebase:firebase-crashlytics-ktx:19.3.0] AndroidManifest.xml:24:13-26:85
202                android:name="com.google.firebase.components:com.google.firebase.crashlytics.ktx.FirebaseCrashlyticsKtxRegistrar"
202-->[com.google.firebase:firebase-crashlytics-ktx:19.3.0] AndroidManifest.xml:25:17-130
203                android:value="com.google.firebase.components.ComponentRegistrar" />
203-->[com.google.firebase:firebase-crashlytics-ktx:19.3.0] AndroidManifest.xml:26:17-82
204            <meta-data
204-->[com.google.firebase:firebase-analytics-ktx:22.1.2] AndroidManifest.xml:11:13-13:85
205                android:name="com.google.firebase.components:com.google.firebase.analytics.ktx.FirebaseAnalyticsLegacyRegistrar"
205-->[com.google.firebase:firebase-analytics-ktx:22.1.2] AndroidManifest.xml:12:17-129
206                android:value="com.google.firebase.components.ComponentRegistrar" />
206-->[com.google.firebase:firebase-analytics-ktx:22.1.2] AndroidManifest.xml:13:17-82
207            <meta-data
207-->[com.google.firebase:firebase-crashlytics:19.3.0] AndroidManifest.xml:15:13-17:85
208                android:name="com.google.firebase.components:com.google.firebase.crashlytics.FirebaseCrashlyticsKtxRegistrar"
208-->[com.google.firebase:firebase-crashlytics:19.3.0] AndroidManifest.xml:16:17-126
209                android:value="com.google.firebase.components.ComponentRegistrar" />
209-->[com.google.firebase:firebase-crashlytics:19.3.0] AndroidManifest.xml:17:17-82
210            <meta-data
210-->[com.google.firebase:firebase-crashlytics:19.3.0] AndroidManifest.xml:18:13-20:85
211                android:name="com.google.firebase.components:com.google.firebase.crashlytics.CrashlyticsRegistrar"
211-->[com.google.firebase:firebase-crashlytics:19.3.0] AndroidManifest.xml:19:17-115
212                android:value="com.google.firebase.components.ComponentRegistrar" />
212-->[com.google.firebase:firebase-crashlytics:19.3.0] AndroidManifest.xml:20:17-82
213            <meta-data
213-->[com.google.firebase:firebase-sessions:2.0.7] AndroidManifest.xml:29:13-31:85
214                android:name="com.google.firebase.components:com.google.firebase.sessions.FirebaseSessionsRegistrar"
214-->[com.google.firebase:firebase-sessions:2.0.7] AndroidManifest.xml:30:17-117
215                android:value="com.google.firebase.components.ComponentRegistrar" />
215-->[com.google.firebase:firebase-sessions:2.0.7] AndroidManifest.xml:31:17-82
216            <meta-data
216-->[com.google.android.gms:play-services-measurement-api:22.1.2] AndroidManifest.xml:37:13-39:85
217                android:name="com.google.firebase.components:com.google.firebase.analytics.connector.internal.AnalyticsConnectorRegistrar"
217-->[com.google.android.gms:play-services-measurement-api:22.1.2] AndroidManifest.xml:38:17-139
218                android:value="com.google.firebase.components.ComponentRegistrar" />
218-->[com.google.android.gms:play-services-measurement-api:22.1.2] AndroidManifest.xml:39:17-82
219            <meta-data
219-->[com.google.firebase:firebase-installations:18.0.0] AndroidManifest.xml:15:13-17:85
220                android:name="com.google.firebase.components:com.google.firebase.installations.FirebaseInstallationsKtxRegistrar"
220-->[com.google.firebase:firebase-installations:18.0.0] AndroidManifest.xml:16:17-130
221                android:value="com.google.firebase.components.ComponentRegistrar" />
221-->[com.google.firebase:firebase-installations:18.0.0] AndroidManifest.xml:17:17-82
222            <meta-data
222-->[com.google.firebase:firebase-installations:18.0.0] AndroidManifest.xml:18:13-20:85
223                android:name="com.google.firebase.components:com.google.firebase.installations.FirebaseInstallationsRegistrar"
223-->[com.google.firebase:firebase-installations:18.0.0] AndroidManifest.xml:19:17-127
224                android:value="com.google.firebase.components.ComponentRegistrar" />
224-->[com.google.firebase:firebase-installations:18.0.0] AndroidManifest.xml:20:17-82
225            <meta-data
225-->[com.google.firebase:firebase-common-ktx:21.0.0] AndroidManifest.xml:12:13-14:85
226                android:name="com.google.firebase.components:com.google.firebase.ktx.FirebaseCommonLegacyRegistrar"
226-->[com.google.firebase:firebase-common-ktx:21.0.0] AndroidManifest.xml:13:17-116
227                android:value="com.google.firebase.components.ComponentRegistrar" />
227-->[com.google.firebase:firebase-common-ktx:21.0.0] AndroidManifest.xml:14:17-82
228            <meta-data
228-->[com.google.firebase:firebase-common:22.0.1] AndroidManifest.xml:35:13-37:85
229                android:name="com.google.firebase.components:com.google.firebase.FirebaseCommonKtxRegistrar"
229-->[com.google.firebase:firebase-common:22.0.1] AndroidManifest.xml:36:17-109
230                android:value="com.google.firebase.components.ComponentRegistrar" />
230-->[com.google.firebase:firebase-common:22.0.1] AndroidManifest.xml:37:17-82
231            <meta-data
231-->[com.google.firebase:firebase-abt:21.1.1] AndroidManifest.xml:12:13-14:85
232                android:name="com.google.firebase.components:com.google.firebase.abt.component.AbtRegistrar"
232-->[com.google.firebase:firebase-abt:21.1.1] AndroidManifest.xml:13:17-109
233                android:value="com.google.firebase.components.ComponentRegistrar" />
233-->[com.google.firebase:firebase-abt:21.1.1] AndroidManifest.xml:14:17-82
234            <meta-data
234-->[com.google.firebase:firebase-datatransport:19.0.0] AndroidManifest.xml:25:13-27:85
235                android:name="com.google.firebase.components:com.google.firebase.datatransport.TransportRegistrar"
235-->[com.google.firebase:firebase-datatransport:19.0.0] AndroidManifest.xml:26:17-115
236                android:value="com.google.firebase.components.ComponentRegistrar" />
236-->[com.google.firebase:firebase-datatransport:19.0.0] AndroidManifest.xml:27:17-82
237        </service>
238        <service
238-->[com.google.firebase:firebase-sessions:2.0.7] AndroidManifest.xml:22:9-25:40
239            android:name="com.google.firebase.sessions.SessionLifecycleService"
239-->[com.google.firebase:firebase-sessions:2.0.7] AndroidManifest.xml:23:13-80
240            android:enabled="true"
240-->[com.google.firebase:firebase-sessions:2.0.7] AndroidManifest.xml:24:13-35
241            android:exported="false" />
241-->[com.google.firebase:firebase-sessions:2.0.7] AndroidManifest.xml:25:13-37
242
243        <provider
243-->[com.google.firebase:firebase-common:22.0.1] AndroidManifest.xml:23:9-28:39
244            android:name="com.google.firebase.provider.FirebaseInitProvider"
244-->[com.google.firebase:firebase-common:22.0.1] AndroidManifest.xml:24:13-77
245            android:authorities="com.mktech.contactsapp.firebaseinitprovider"
245-->[com.google.firebase:firebase-common:22.0.1] AndroidManifest.xml:25:13-72
246            android:directBootAware="true"
246-->[com.google.firebase:firebase-common:22.0.1] AndroidManifest.xml:26:13-43
247            android:exported="false"
247-->[com.google.firebase:firebase-common:22.0.1] AndroidManifest.xml:27:13-37
248            android:initOrder="100" /> <!-- Include the AdActivity and InAppPurchaseActivity configChanges and themes. -->
248-->[com.google.firebase:firebase-common:22.0.1] AndroidManifest.xml:28:13-36
249        <activity
249-->[com.google.android.gms:play-services-ads-lite:23.0.0] AndroidManifest.xml:56:9-61:43
250            android:name="com.google.android.gms.ads.AdActivity"
250-->[com.google.android.gms:play-services-ads-lite:23.0.0] AndroidManifest.xml:57:13-65
251            android:configChanges="keyboard|keyboardHidden|orientation|screenLayout|uiMode|screenSize|smallestScreenSize"
251-->[com.google.android.gms:play-services-ads-lite:23.0.0] AndroidManifest.xml:58:13-122
252            android:exported="false"
252-->[com.google.android.gms:play-services-ads-lite:23.0.0] AndroidManifest.xml:59:13-37
253            android:theme="@android:style/Theme.Translucent" />
253-->[com.google.android.gms:play-services-ads-lite:23.0.0] AndroidManifest.xml:60:13-61
254
255        <provider
255-->[com.google.android.gms:play-services-ads-lite:23.0.0] AndroidManifest.xml:63:9-68:43
256            android:name="com.google.android.gms.ads.MobileAdsInitProvider"
256-->[com.google.android.gms:play-services-ads-lite:23.0.0] AndroidManifest.xml:64:13-76
257            android:authorities="com.mktech.contactsapp.mobileadsinitprovider"
257-->[com.google.android.gms:play-services-ads-lite:23.0.0] AndroidManifest.xml:65:13-73
258            android:exported="false"
258-->[com.google.android.gms:play-services-ads-lite:23.0.0] AndroidManifest.xml:66:13-37
259            android:initOrder="100" />
259-->[com.google.android.gms:play-services-ads-lite:23.0.0] AndroidManifest.xml:67:13-36
260
261        <service
261-->[com.google.android.gms:play-services-ads-lite:23.0.0] AndroidManifest.xml:70:9-74:43
262            android:name="com.google.android.gms.ads.AdService"
262-->[com.google.android.gms:play-services-ads-lite:23.0.0] AndroidManifest.xml:71:13-64
263            android:enabled="true"
263-->[com.google.android.gms:play-services-ads-lite:23.0.0] AndroidManifest.xml:72:13-35
264            android:exported="false" />
264-->[com.google.android.gms:play-services-ads-lite:23.0.0] AndroidManifest.xml:73:13-37
265
266        <activity
266-->[com.google.android.gms:play-services-ads-lite:23.0.0] AndroidManifest.xml:76:9-80:43
267            android:name="com.google.android.gms.ads.OutOfContextTestingActivity"
267-->[com.google.android.gms:play-services-ads-lite:23.0.0] AndroidManifest.xml:77:13-82
268            android:configChanges="keyboard|keyboardHidden|orientation|screenLayout|uiMode|screenSize|smallestScreenSize"
268-->[com.google.android.gms:play-services-ads-lite:23.0.0] AndroidManifest.xml:78:13-122
269            android:exported="false" />
269-->[com.google.android.gms:play-services-ads-lite:23.0.0] AndroidManifest.xml:79:13-37
270        <activity
270-->[com.google.android.gms:play-services-ads-lite:23.0.0] AndroidManifest.xml:81:9-88:43
271            android:name="com.google.android.gms.ads.NotificationHandlerActivity"
271-->[com.google.android.gms:play-services-ads-lite:23.0.0] AndroidManifest.xml:82:13-82
272            android:excludeFromRecents="true"
272-->[com.google.android.gms:play-services-ads-lite:23.0.0] AndroidManifest.xml:83:13-46
273            android:exported="false"
273-->[com.google.android.gms:play-services-ads-lite:23.0.0] AndroidManifest.xml:84:13-37
274            android:launchMode="singleTask"
274-->[com.google.android.gms:play-services-ads-lite:23.0.0] AndroidManifest.xml:85:13-44
275            android:taskAffinity=""
275-->[com.google.android.gms:play-services-ads-lite:23.0.0] AndroidManifest.xml:86:13-36
276            android:theme="@android:style/Theme.Translucent.NoTitleBar" />
276-->[com.google.android.gms:play-services-ads-lite:23.0.0] AndroidManifest.xml:87:13-72
277
278        <provider
278-->[androidx.work:work-runtime:2.7.0] AndroidManifest.xml:31:9-39:20
279            android:name="androidx.startup.InitializationProvider"
279-->[androidx.work:work-runtime:2.7.0] AndroidManifest.xml:32:13-67
280            android:authorities="com.mktech.contactsapp.androidx-startup"
280-->[androidx.work:work-runtime:2.7.0] AndroidManifest.xml:33:13-68
281            android:exported="false" >
281-->[androidx.work:work-runtime:2.7.0] AndroidManifest.xml:34:13-37
282            <meta-data
282-->[androidx.work:work-runtime:2.7.0] AndroidManifest.xml:36:13-38:52